[18/08 21:30:57] [info] Initializing worker and caches
[18/08 21:30:57] [info] Enabled NPC manager with ProtocolLib
[18/08 21:30:57] [info] Registering integrations
[18/08 21:30:57] [info] Initializing tasks and listeners
[18/08 22:01:35] [info] Disabled integration for PlaceholderAPI
[18/08 22:01:35] [info] Disabled integration for Citizens
[18/08 22:02:53] [info] Initializing worker and caches
[18/08 22:02:53] [info] Enabled NPC manager with ProtocolLib
[18/08 22:02:53] [info] Registering integrations
[18/08 22:02:53] [info] Initializing tasks and listeners
[18/08 22:25:24] [info] Disabled integration for PlaceholderAPI
[18/08 22:25:24] [info] Disabled integration for Citizens
[18/08 22:36:40] [info] Initializing worker and caches
[18/08 22:36:40] [info] Enabled NPC manager with ProtocolLib
[18/08 22:36:40] [info] Registering integrations
[18/08 22:36:40] [info] Initializing tasks and listeners
[18/08 22:40:48] [info] Disabled integration for PlaceholderAPI
[18/08 22:40:48] [info] Disabled integration for Citizens
[18/08 22:43:40] [info] Initializing worker and caches
[18/08 22:43:40] [info] Enabled NPC manager with ProtocolLib
[18/08 22:43:40] [info] Registering integrations
[18/08 22:43:40] [info] Initializing tasks and listeners
[19/08 01:14:31] [info] Disabled integration for PlaceholderAPI
[19/08 01:14:31] [info] Disabled integration for Citizens
[19/08 01:15:51] [info] Initializing worker and caches
[19/08 01:15:51] [info] Enabled NPC manager with ProtocolLib
[19/08 01:15:51] [info] Registering integrations
[19/08 01:15:51] [info] Initializing tasks and listeners
[19/08 02:02:39] [info] Disabled integration for PlaceholderAPI
[19/08 02:02:39] [info] Disabled integration for Citizens
[19/08 02:08:15] [info] Initializing worker and caches
[19/08 02:08:15] [info] Enabled NPC manager with ProtocolLib
[19/08 02:08:15] [info] Registering integrations
[19/08 02:08:15] [info] Initializing tasks and listeners
[19/08 02:11:51] [info] Disabled integration for PlaceholderAPI
[19/08 02:11:51] [info] Disabled integration for Citizens
[19/08 02:13:09] [info] Initializing worker and caches
[19/08 02:13:09] [info] Enabled NPC manager with ProtocolLib
[19/08 02:13:09] [info] Registering integrations
[19/08 02:13:09] [info] Initializing tasks and listeners
[19/08 02:23:01] [info] Disabled integration for PlaceholderAPI
[19/08 02:23:01] [info] Disabled integration for Citizens
[19/08 02:30:05] [info] Initializing worker and caches
[19/08 02:30:05] [info] Enabled NPC manager with ProtocolLib
[19/08 02:30:05] [info] Registering integrations
[19/08 02:30:05] [info] Initializing tasks and listeners
[19/08 03:17:26] [info] Disabled integration for PlaceholderAPI
[19/08 03:17:26] [info] Disabled integration for Citizens
[19/08 22:22:59] [info] Initializing worker and caches
[19/08 22:22:59] [info] Enabled NPC manager with ProtocolLib
[19/08 22:22:59] [info] Registering integrations
[19/08 22:22:59] [info] Initializing tasks and listeners
[20/08 00:01:20] [info] Disabled integration for PlaceholderAPI
[20/08 00:01:20] [info] Disabled integration for Citizens
[20/08 00:02:57] [info] Initializing worker and caches
[20/08 00:02:57] [info] Enabled NPC manager with ProtocolLib
[20/08 00:02:57] [info] Registering integrations
[20/08 00:02:57] [info] Initializing tasks and listeners
[20/08 00:20:19] [info] Disabled integration for PlaceholderAPI
[20/08 00:20:19] [info] Disabled integration for Citizens
[20/08 00:21:39] [info] Initializing worker and caches
[20/08 00:21:39] [info] Enabled NPC manager with ProtocolLib
[20/08 00:21:39] [info] Registering integrations
[20/08 00:21:39] [info] Initializing tasks and listeners
[20/08 02:09:20] [info] Disabled integration for PlaceholderAPI
[20/08 02:09:20] [info] Disabled integration for Citizens
[20/08 09:33:55] [info] Initializing worker and caches
[20/08 09:33:55] [info] Enabled NPC manager with ProtocolLib
[20/08 09:33:55] [info] Registering integrations
[20/08 09:33:55] [info] Initializing tasks and listeners
[20/08 11:18:35] [info] Disabled integration for PlaceholderAPI
[20/08 11:18:35] [info] Disabled integration for Citizens
[20/08 11:19:50] [info] Initializing worker and caches
[20/08 11:19:50] [info] Enabled NPC manager with ProtocolLib
[20/08 11:19:50] [info] Registering integrations
[20/08 11:19:50] [info] Initializing tasks and listeners
[20/08 11:22:16] [info] Disabled integration for PlaceholderAPI
[20/08 11:22:16] [info] Disabled integration for Citizens
[20/08 11:24:09] [info] Initializing worker and caches
[20/08 11:24:09] [info] Enabled NPC manager with ProtocolLib
[20/08 11:24:09] [info] Registering integrations
[20/08 11:24:09] [info] Initializing tasks and listeners
[20/08 15:26:23] [info] Disabled integration for PlaceholderAPI
[20/08 15:26:23] [info] Disabled integration for Citizens
[20/08 15:53:36] [info] Initializing worker and caches
[20/08 15:53:36] [info] Enabled NPC manager with ProtocolLib
[20/08 15:53:36] [info] Registering integrations
[20/08 15:53:36] [info] Initializing tasks and listeners
[21/08 00:12:12] [info] Disabled integration for PlaceholderAPI
[21/08 00:12:12] [info] Disabled integration for Citizens
[21/08 13:53:03] [info] Initializing worker and caches
[21/08 13:53:03] [info] Enabled NPC manager with ProtocolLib
[21/08 13:53:03] [info] Registering integrations
[21/08 13:53:03] [info] Initializing tasks and listeners
[21/08 15:00:37] [info] Disabled integration for PlaceholderAPI
[21/08 15:00:37] [info] Disabled integration for Citizens
[21/08 15:02:08] [info] Initializing worker and caches
[21/08 15:02:08] [info] Enabled NPC manager with ProtocolLib
[21/08 15:02:08] [info] Registering integrations
[21/08 15:02:08] [info] Initializing tasks and listeners
[21/08 15:55:00] [info] Disabled integration for PlaceholderAPI
[21/08 15:55:00] [info] Disabled integration for Citizens
[21/08 16:46:14] [info] Initializing worker and caches
[21/08 16:46:14] [info] Enabled NPC manager with ProtocolLib
[21/08 16:46:14] [info] Registering integrations
[21/08 16:46:14] [info] Initializing tasks and listeners
[21/08 17:28:55] [info] Disabled integration for PlaceholderAPI
[21/08 17:28:55] [info] Disabled integration for Citizens
[21/08 18:44:06] [info] Initializing worker and caches
[21/08 18:44:06] [info] Enabled NPC manager with ProtocolLib
[21/08 18:44:06] [info] Registering integrations
[21/08 18:44:06] [info] Initializing tasks and listeners
[21/08 19:28:18] [info] Disabled integration for PlaceholderAPI
[21/08 19:28:18] [info] Disabled integration for Citizens
[21/08 19:29:30] [info] Initializing worker and caches
[21/08 19:29:30] [info] Enabled NPC manager with ProtocolLib
[21/08 19:29:30] [info] Registering integrations
[21/08 19:29:30] [info] Initializing tasks and listeners
[21/08 20:16:06] [info] Disabled integration for PlaceholderAPI
[21/08 20:16:06] [info] Disabled integration for Citizens
[21/08 20:18:29] [info] Initializing worker and caches
[21/08 20:18:29] [info] Enabled NPC manager with ProtocolLib
[21/08 20:18:29] [info] Registering integrations
[21/08 20:18:29] [info] Initializing tasks and listeners
[21/08 20:45:44] [info] Disabled integration for PlaceholderAPI
[21/08 20:45:44] [info] Disabled integration for Citizens
[21/08 22:14:10] [info] Initializing worker and caches
[21/08 22:14:10] [info] Enabled NPC manager with ProtocolLib
[21/08 22:14:10] [info] Registering integrations
[21/08 22:14:10] [info] Initializing tasks and listeners
[21/08 23:27:50] [info] Disabled integration for PlaceholderAPI
[21/08 23:27:50] [info] Disabled integration for Citizens
[22/08 12:20:46] [info] Initializing worker and caches
[22/08 12:20:46] [info] Enabled NPC manager with ProtocolLib
[22/08 12:20:46] [info] Registering integrations
[22/08 12:20:46] [info] Initializing tasks and listeners
[22/08 13:00:31] [info] Disabled integration for PlaceholderAPI
[22/08 13:00:31] [info] Disabled integration for Citizens
[22/08 13:54:20] [info] Initializing worker and caches
[22/08 13:54:20] [info] Enabled NPC manager with ProtocolLib
[22/08 13:54:20] [info] Registering integrations
[22/08 13:54:20] [info] Initializing tasks and listeners
[22/08 14:36:46] [info] Disabled integration for PlaceholderAPI
[22/08 14:36:46] [info] Disabled integration for Citizens
[22/08 14:41:38] [info] Initializing worker and caches
[22/08 14:41:38] [info] Enabled NPC manager with ProtocolLib
[22/08 14:41:38] [info] Registering integrations
[22/08 14:41:38] [info] Initializing tasks and listeners
[22/08 14:47:48] [info] Disabled integration for PlaceholderAPI
[22/08 14:47:48] [info] Disabled integration for Citizens
[22/08 14:52:03] [info] Initializing worker and caches
[22/08 14:52:03] [info] Enabled NPC manager with ProtocolLib
[22/08 14:52:03] [info] Registering integrations
[22/08 14:52:03] [info] Initializing tasks and listeners
[22/08 15:22:18] [info] Disabled integration for PlaceholderAPI
[22/08 15:22:19] [info] Disabled integration for Citizens
[22/08 15:23:20] [info] Initializing worker and caches
[22/08 15:23:20] [info] Enabled NPC manager with ProtocolLib
[22/08 15:23:20] [info] Registering integrations
[22/08 15:23:20] [info] Initializing tasks and listeners
[22/08 15:50:41] [info] Disabled integration for PlaceholderAPI
[22/08 15:50:41] [info] Disabled integration for Citizens
[22/08 16:02:47] [info] Initializing worker and caches
[22/08 16:02:47] [info] Enabled NPC manager with ProtocolLib
[22/08 16:02:47] [info] Registering integrations
[22/08 16:02:47] [info] Initializing tasks and listeners
[22/08 23:09:52] [info] Disabled integration for PlaceholderAPI
[22/08 23:09:52] [info] Disabled integration for Citizens
[22/08 23:59:05] [info] Initializing worker and caches
[22/08 23:59:05] [info] Enabled NPC manager with ProtocolLib
[22/08 23:59:05] [info] Registering integrations
[22/08 23:59:05] [info] Initializing tasks and listeners
[23/08 12:46:28] [info] Disabled integration for PlaceholderAPI
[23/08 12:46:28] [info] Disabled integration for Citizens
[23/08 13:01:44] [info] Initializing worker and caches
[23/08 13:01:44] [info] Enabled NPC manager with ProtocolLib
[23/08 13:01:44] [info] Registering integrations
[23/08 13:01:44] [info] Initializing tasks and listeners
[23/08 18:28:24] [info] Disabled integration for PlaceholderAPI
[23/08 18:28:24] [info] Disabled integration for Citizens
[23/08 18:58:52] [info] Initializing worker and caches
[23/08 18:58:52] [info] Enabled NPC manager with ProtocolLib
[23/08 18:58:52] [info] Registering integrations
[23/08 18:58:52] [info] Initializing tasks and listeners
[23/08 20:11:48] [info] Disabled integration for PlaceholderAPI
[23/08 20:11:48] [info] Disabled integration for Citizens
[23/08 20:12:52] [info] Initializing worker and caches
[23/08 20:12:52] [info] Enabled NPC manager with ProtocolLib
[23/08 20:12:52] [info] Registering integrations
[23/08 20:12:52] [info] Initializing tasks and listeners
[23/08 21:44:14] [info] Disabled integration for PlaceholderAPI
[23/08 21:44:14] [info] Disabled integration for Citizens
[23/08 21:45:26] [info] Initializing worker and caches
[23/08 21:45:26] [info] Enabled NPC manager with ProtocolLib
[23/08 21:45:26] [info] Registering integrations
[23/08 21:45:26] [info] Initializing tasks and listeners
[23/08 23:19:45] [info] Disabled integration for PlaceholderAPI
[23/08 23:19:45] [info] Disabled integration for Citizens
[23/08 23:20:53] [info] Initializing worker and caches
[23/08 23:20:53] [info] Enabled NPC manager with ProtocolLib
[23/08 23:20:53] [info] Registering integrations
[23/08 23:20:53] [info] Initializing tasks and listeners
[24/08 00:32:19] [info] Disabled integration for PlaceholderAPI
[24/08 00:32:19] [info] Disabled integration for Citizens
[24/08 00:33:18] [info] Initializing worker and caches
[24/08 00:33:18] [info] Enabled NPC manager with ProtocolLib
[24/08 00:33:18] [info] Registering integrations
[24/08 00:33:18] [info] Initializing tasks and listeners
[24/08 00:52:55] [info] Disabled integration for PlaceholderAPI
[24/08 00:52:55] [info] Disabled integration for Citizens
[24/08 10:55:11] [info] Initializing worker and caches
[24/08 10:55:11] [info] Enabled NPC manager with ProtocolLib
[24/08 10:55:11] [info] Registering integrations
[24/08 10:55:11] [info] Initializing tasks and listeners
[24/08 11:36:58] [info] Disabled integration for PlaceholderAPI
[24/08 11:36:58] [info] Disabled integration for Citizens
[24/08 11:37:57] [info] Initializing worker and caches
[24/08 11:37:57] [info] Enabled NPC manager with ProtocolLib
[24/08 11:37:57] [info] Registering integrations
[24/08 11:37:57] [info] Initializing tasks and listeners
[24/08 12:58:45] [info] Disabled integration for PlaceholderAPI
[24/08 12:58:45] [info] Disabled integration for Citizens
[24/08 13:00:28] [info] Initializing worker and caches
[24/08 13:00:28] [info] Enabled NPC manager with ProtocolLib
[24/08 13:00:28] [info] Registering integrations
[24/08 13:00:28] [info] Initializing tasks and listeners
[24/08 13:19:14] [info] Disabled integration for PlaceholderAPI
[24/08 13:19:14] [info] Disabled integration for Citizens
[24/08 13:36:04] [info] Initializing worker and caches
[24/08 13:36:04] [info] Enabled NPC manager with ProtocolLib
[24/08 13:36:04] [info] Registering integrations
[24/08 13:36:04] [info] Initializing tasks and listeners
[24/08 14:11:34] [info] Disabled integration for PlaceholderAPI
[24/08 14:11:34] [info] Disabled integration for Citizens
[24/08 14:27:09] [info] Initializing worker and caches
[24/08 14:27:09] [info] Enabled NPC manager with ProtocolLib
[24/08 14:27:09] [info] Registering integrations
[24/08 14:27:09] [info] Initializing tasks and listeners
[24/08 14:30:36] [info] Disabled integration for PlaceholderAPI
[24/08 14:30:36] [info] Disabled integration for Citizens
[24/08 16:17:29] [info] Initializing worker and caches
[24/08 16:17:29] [info] Enabled NPC manager with ProtocolLib
[24/08 16:17:29] [info] Registering integrations
[24/08 16:17:29] [info] Initializing tasks and listeners
[24/08 16:52:04] [info] Disabled integration for PlaceholderAPI
[24/08 16:52:04] [info] Disabled integration for Citizens
[24/08 17:04:14] [info] Initializing worker and caches
[24/08 17:04:14] [info] Enabled NPC manager with ProtocolLib
[24/08 17:04:14] [info] Registering integrations
[24/08 17:04:14] [info] Initializing tasks and listeners
[24/08 17:49:54] [info] Disabled integration for PlaceholderAPI
[24/08 17:49:54] [info] Disabled integration for Citizens
[24/08 18:02:48] [info] Initializing worker and caches
[24/08 18:02:48] [info] Enabled NPC manager with ProtocolLib
[24/08 18:02:48] [info] Registering integrations
[24/08 18:02:48] [info] Initializing tasks and listeners
[24/08 19:31:03] [info] Disabled integration for PlaceholderAPI
[24/08 19:31:03] [info] Disabled integration for Citizens
[24/08 19:32:07] [info] Initializing worker and caches
[24/08 19:32:07] [info] Enabled NPC manager with ProtocolLib
[24/08 19:32:07] [info] Registering integrations
[24/08 19:32:07] [info] Initializing tasks and listeners
[24/08 21:41:49] [info] Disabled integration for PlaceholderAPI
[24/08 21:41:49] [info] Disabled integration for Citizens
[24/08 22:15:52] [info] Initializing worker and caches
[24/08 22:15:52] [info] Enabled NPC manager with ProtocolLib
[24/08 22:15:52] [info] Registering integrations
[24/08 22:15:52] [info] Initializing tasks and listeners
[24/08 22:53:36] [info] Disabled integration for PlaceholderAPI
[24/08 22:53:36] [info] Disabled integration for Citizens
[24/08 23:01:52] [info] Initializing worker and caches
[24/08 23:01:52] [info] Enabled NPC manager with ProtocolLib
[24/08 23:01:52] [info] Registering integrations
[24/08 23:01:52] [info] Initializing tasks and listeners
[24/08 23:20:24] [info] Disabled integration for PlaceholderAPI
[24/08 23:20:24] [info] Disabled integration for HeadDatabase
[24/08 23:20:24] [info] Disabled integration for Citizens
[25/08 14:39:00] [info] Initializing worker and caches
[25/08 14:39:00] [info] Enabled NPC manager with ProtocolLib
[25/08 14:39:00] [info] Registering integrations
[25/08 14:39:00] [info] Initializing tasks and listeners
[25/08 15:59:12] [info] Disabled integration for PlaceholderAPI
[25/08 15:59:12] [info] Disabled integration for HeadDatabase
[25/08 15:59:12] [info] Disabled integration for Citizens
[25/08 16:26:58] [info] Initializing worker and caches
[25/08 16:26:58] [info] Enabled NPC manager with ProtocolLib
[25/08 16:26:58] [info] Registering integrations
[25/08 16:26:58] [info] Initializing tasks and listeners
[25/08 19:36:08] [info] Disabled integration for PlaceholderAPI
[25/08 19:36:08] [info] Disabled integration for HeadDatabase
[25/08 19:36:08] [info] Disabled integration for Citizens
[25/08 19:37:07] [info] Initializing worker and caches
[25/08 19:37:07] [info] Enabled NPC manager with ProtocolLib
[25/08 19:37:07] [info] Registering integrations
[25/08 19:37:07] [info] Initializing tasks and listeners
[26/08 01:03:37] [info] Disabled integration for PlaceholderAPI
[26/08 01:03:37] [info] Disabled integration for HeadDatabase
[26/08 01:03:37] [info] Disabled integration for Citizens
[26/08 02:34:55] [info] Initializing worker and caches
[26/08 02:34:55] [info] Enabled NPC manager with ProtocolLib
[26/08 02:34:55] [info] Registering integrations
[26/08 02:34:55] [info] Initializing tasks and listeners
[26/08 07:42:00] [info] Disabled integration for PlaceholderAPI
[26/08 07:42:00] [info] Disabled integration for HeadDatabase
[26/08 07:42:00] [info] Disabled integration for Citizens
[26/08 08:39:14] [info] Initializing worker and caches
[26/08 08:39:14] [info] Enabled NPC manager with ProtocolLib
[26/08 08:39:14] [info] Registering integrations
[26/08 08:39:14] [info] Initializing tasks and listeners
[26/08 11:02:52] [info] Disabled integration for PlaceholderAPI
[26/08 11:02:52] [info] Disabled integration for HeadDatabase
[26/08 11:02:52] [info] Disabled integration for Citizens
[26/08 11:33:16] [info] Initializing worker and caches
[26/08 11:33:16] [info] Enabled NPC manager with ProtocolLib
[26/08 11:33:16] [info] Registering integrations
[26/08 11:33:16] [info] Initializing tasks and listeners
[26/08 12:40:10] [info] Disabled integration for PlaceholderAPI
[26/08 12:40:10] [info] Disabled integration for HeadDatabase
[26/08 12:40:10] [info] Disabled integration for Citizens
[28/08 08:58:12] [info] Initializing worker and caches
[28/08 08:58:12] [info] Enabled NPC manager with ProtocolLib
[28/08 08:58:12] [info] Registering integrations
[28/08 08:58:12] [info] Initializing tasks and listeners
[28/08 09:27:48] [info] Disabled integration for PlaceholderAPI
[28/08 09:27:48] [info] Disabled integration for Citizens
[29/08 02:02:38] [info] Initializing worker and caches
[29/08 02:02:38] [info] Enabled NPC manager with ProtocolLib
[29/08 02:02:38] [info] Registering integrations
[29/08 02:02:38] [info] Initializing tasks and listeners
[30/08 07:28:32] [info] Disabled integration for PlaceholderAPI
[30/08 07:28:32] [info] Disabled integration for Citizens
[30/08 07:29:45] [info] Initializing worker and caches
[30/08 07:29:45] [info] Enabled NPC manager with ProtocolLib
[30/08 07:29:45] [info] Registering integrations
[30/08 07:29:45] [info] Initializing tasks and listeners
[30/08 08:14:31] [info] Disabled integration for PlaceholderAPI
[30/08 08:14:31] [info] Disabled integration for Citizens
[30/08 08:15:27] [info] Initializing worker and caches
[30/08 08:15:27] [info] Enabled NPC manager with ProtocolLib
[30/08 08:15:27] [info] Registering integrations
[30/08 08:15:27] [info] Initializing tasks and listeners
[30/08 10:36:14] [info] Disabled integration for PlaceholderAPI
[30/08 10:36:14] [info] Disabled integration for Citizens
[30/08 10:37:13] [info] Initializing worker and caches
[30/08 10:37:14] [info] Enabled NPC manager with ProtocolLib
[30/08 10:37:14] [info] Registering integrations
[30/08 10:37:14] [info] Initializing tasks and listeners
[30/08 12:46:32] [info] Disabled integration for PlaceholderAPI
[30/08 12:46:32] [info] Disabled integration for Citizens
[30/08 12:47:18] [info] Initializing worker and caches
[30/08 12:47:18] [info] Enabled NPC manager with ProtocolLib
[30/08 12:47:18] [info] Registering integrations
[30/08 12:47:18] [info] Initializing tasks and listeners
[30/08 14:11:58] [info] Disabled integration for PlaceholderAPI
[30/08 14:11:58] [info] Disabled integration for Citizens
[30/08 14:25:53] [info] Initializing worker and caches
[30/08 14:25:54] [info] Enabled NPC manager with ProtocolLib
[30/08 14:25:54] [info] Registering integrations
[30/08 14:25:54] [info] Initializing tasks and listeners
[30/08 14:37:07] [info] Disabled integration for PlaceholderAPI
[30/08 14:37:07] [info] Disabled integration for Citizens
[30/08 14:45:29] [info] Initializing worker and caches
[30/08 14:45:29] [info] Enabled NPC manager with ProtocolLib
[30/08 14:45:29] [info] Registering integrations
[30/08 14:45:29] [info] Initializing tasks and listeners
[30/08 15:03:37] [info] Disabled integration for PlaceholderAPI
[30/08 15:03:37] [info] Disabled integration for Citizens
[30/08 15:05:51] [info] Initializing worker and caches
[30/08 15:05:51] [info] Enabled NPC manager with ProtocolLib
[30/08 15:05:51] [info] Registering integrations
[30/08 15:05:51] [info] Initializing tasks and listeners
[30/08 15:38:25] [info] Disabled integration for PlaceholderAPI
[30/08 15:38:25] [info] Disabled integration for Citizens
